{"C:\\Users\\Scud\\Downloads\\social-app\\auth\\auth.ts": {"path":"C:\\Users\\Scud\\Downloads\\social-app\\auth\\auth.ts","statementMap":{"0":{"start":{"line":1,"column":0},"end":{"line":1,"column":30}},"1":{"start":{"line":3,"column":0},"end":{"line":3,"column":9}},"2":{"start":{"line":4,"column":0},"end":{"line":4,"column":31}},"3":{"start":{"line":5,"column":34},"end":{"line":5,"column":45}},"4":{"start":{"line":13,"column":32},"end":{"line":25,"column":1}},"5":{"start":{"line":23,"column":15},"end":{"line":23,"column":90}},"6":{"start":{"line":24,"column":4},"end":{"line":24,"column":29}},"7":{"start":{"line":13,"column":13},"end":{"line":13,"column":32}},"8":{"start":{"line":27,"column":27},"end":{"line":37,"column":1}},"9":{"start":{"line":28,"column":4},"end":{"line":36,"column":null}},"10":{"start":{"line":27,"column":13},"end":{"line":27,"column":27}},"11":{"start":{"line":39,"column":27},"end":{"line":45,"column":1}},"12":{"start":{"line":40,"column":4},"end":{"line":44,"column":null}},"13":{"start":{"line":41,"column":8},"end":{"line":41,"column":58}},"14":{"start":{"line":43,"column":8},"end":{"line":43,"column":20}},"15":{"start":{"line":39,"column":13},"end":{"line":39,"column":27}},"16":{"start":{"line":47,"column":25},"end":{"line":53,"column":1}},"17":{"start":{"line":48,"column":4},"end":{"line":52,"column":null}},"18":{"start":{"line":49,"column":8},"end":{"line":49,"column":63}},"19":{"start":{"line":51,"column":8},"end":{"line":51,"column":20}},"20":{"start":{"line":47,"column":13},"end":{"line":47,"column":25}},"21":{"start":{"line":55,"column":26},"end":{"line":80,"column":1}},"22":{"start":{"line":56,"column":18},"end":{"line":56,"column":84}},"23":{"start":{"line":57,"column":4},"end":{"line":63,"column":null}},"24":{"start":{"line":58,"column":8},"end":{"line":62,"column":null}},"25":{"start":{"line":64,"column":20},"end":{"line":64,"column":38}},"26":{"start":{"line":65,"column":4},"end":{"line":71,"column":null}},"27":{"start":{"line":66,"column":8},"end":{"line":70,"column":null}},"28":{"start":{"line":72,"column":4},"end":{"line":79,"column":null}},"29":{"start":{"line":73,"column":8},"end":{"line":76,"column":null}},"30":{"start":{"line":78,"column":8},"end":{"line":78,"column":20}},"31":{"start":{"line":55,"column":13},"end":{"line":55,"column":26}}},"fnMap":{"0":{"name":"(anonymous_1)","decl":{"start":{"line":13,"column":32},"end":{"line":13,"column":33}},"loc":{"start":{"line":13,"column":60},"end":{"line":25,"column":1}}},"1":{"name":"(anonymous_2)","decl":{"start":{"line":27,"column":27},"end":{"line":27,"column":28}},"loc":{"start":{"line":27,"column":44},"end":{"line":37,"column":1}}},"2":{"name":"(anonymous_3)","decl":{"start":{"line":39,"column":27},"end":{"line":39,"column":28}},"loc":{"start":{"line":39,"column":44},"end":{"line":45,"column":1}}},"3":{"name":"(anonymous_4)","decl":{"start":{"line":47,"column":25},"end":{"line":47,"column":26}},"loc":{"start":{"line":47,"column":47},"end":{"line":53,"column":1}}},"4":{"name":"(anonymous_5)","decl":{"start":{"line":55,"column":26},"end":{"line":55,"column":27}},"loc":{"start":{"line":55,"column":34},"end":{"line":80,"column":1}}}},"branchMap":{"0":{"loc":{"start":{"line":56,"column":18},"end":{"line":56,"column":84}},"type":"binary-expr","locations":[{"start":{"line":56,"column":18},"end":{"line":56,"column":32}},{"start":{"line":56,"column":36},"end":{"line":56,"column":51}},{"start":{"line":56,"column":55},"end":{"line":56,"column":84}}]},"1":{"loc":{"start":{"line":57,"column":4},"end":{"line":63,"column":null}},"type":"if","locations":[{"start":{"line":57,"column":4},"end":{"line":63,"column":null}}]},"2":{"loc":{"start":{"line":65,"column":4},"end":{"line":71,"column":null}},"type":"if","locations":[{"start":{"line":65,"column":4},"end":{"line":71,"column":null}}]}},"s":{"0":2,"1":2,"2":2,"3":2,"4":2,"5":2,"6":2,"7":2,"8":2,"9":2,"10":2,"11":2,"12":2,"13":2,"14":0,"15":2,"16":2,"17":0,"18":0,"19":0,"20":2,"21":2,"22":0,"23":0,"24":0,"25":0,"26":0,"27":0,"28":0,"29":0,"30":0,"31":2},"f":{"0":2,"1":2,"2":2,"3":0,"4":0},"b":{"0":[0,0,0],"1":[0],"2":[0]}}
,"C:\\Users\\Scud\\Downloads\\social-app\\config\\config.ts": {"path":"C:\\Users\\Scud\\Downloads\\social-app\\config\\config.ts","statementMap":{"0":{"start":{"line":1,"column":13},"end":{"line":3,"column":null}}},"fnMap":{},"branchMap":{},"s":{"0":1},"f":{},"b":{}}
,"C:\\Users\\Scud\\Downloads\\social-app\\db\\db.ts": {"path":"C:\\Users\\Scud\\Downloads\\social-app\\db\\db.ts","statementMap":{"0":{"start":{"line":1,"column":0},"end":{"line":1,"column":30}},"1":{"start":{"line":2,"column":0},"end":{"line":2,"column":26}},"2":{"start":{"line":10,"column":0},"end":{"line":10,"column":9}},"3":{"start":{"line":11,"column":51},"end":{"line":11,"column":62}},"4":{"start":{"line":13,"column":13},"end":{"line":20,"column":3}},"5":{"start":{"line":22,"column":13},"end":{"line":123,"column":null}}},"fnMap":{},"branchMap":{},"s":{"0":1,"1":1,"2":1,"3":1,"4":1,"5":1},"f":{},"b":{}}
,"C:\\Users\\Scud\\Downloads\\social-app\\src\\app.ts": {"path":"C:\\Users\\Scud\\Downloads\\social-app\\src\\app.ts","statementMap":{"0":{"start":{"line":1,"column":0},"end":{"line":1,"column":30}},"1":{"start":{"line":2,"column":0},"end":{"line":2,"column":30}},"2":{"start":{"line":3,"column":0},"end":{"line":3,"column":37}},"3":{"start":{"line":5,"column":0},"end":{"line":5,"column":95}},"4":{"start":{"line":6,"column":0},"end":{"line":6,"column":39}},"5":{"start":{"line":9,"column":12},"end":{"line":9,"column":21}},"6":{"start":{"line":10,"column":0},"end":{"line":10,"column":27}},"7":{"start":{"line":11,"column":0},"end":{"line":11,"column":51}},"8":{"start":{"line":13,"column":0},"end":{"line":17,"column":3}},"9":{"start":{"line":13,"column":36},"end":{"line":17,"column":2}},"10":{"start":{"line":14,"column":4},"end":{"line":16,"column":7}},"11":{"start":{"line":19,"column":0},"end":{"line":23,"column":3}},"12":{"start":{"line":19,"column":32},"end":{"line":23,"column":2}},"13":{"start":{"line":20,"column":4},"end":{"line":22,"column":6}},"14":{"start":{"line":25,"column":0},"end":{"line":59,"column":3}},"15":{"start":{"line":25,"column":38},"end":{"line":59,"column":2}},"16":{"start":{"line":26,"column":4},"end":{"line":58,"column":null}},"17":{"start":{"line":27,"column":55},"end":{"line":27,"column":63}},"18":{"start":{"line":28,"column":8},"end":{"line":34,"column":null}},"19":{"start":{"line":29,"column":12},"end":{"line":33,"column":null}},"20":{"start":{"line":35,"column":8},"end":{"line":43,"column":null}},"21":{"start":{"line":36,"column":12},"end":{"line":42,"column":null}},"22":{"start":{"line":44,"column":29},"end":{"line":44,"column":47}},"23":{"start":{"line":45,"column":32},"end":{"line":45,"column":63}},"24":{"start":{"line":46,"column":28},"end":{"line":46,"column":73}},"25":{"start":{"line":47,"column":8},"end":{"line":53,"column":null}},"26":{"start":{"line":48,"column":12},"end":{"line":52,"column":null}},"27":{"start":{"line":54,"column":27},"end":{"line":54,"column":107}},"28":{"start":{"line":55,"column":8},"end":{"line":55,"column":44}},"29":{"start":{"line":57,"column":7},"end":{"line":57,"column":34}},"30":{"start":{"line":61,"column":0},"end":{"line":123,"column":3}},"31":{"start":{"line":61,"column":37},"end":{"line":123,"column":2}},"32":{"start":{"line":62,"column":4},"end":{"line":122,"column":null}},"33":{"start":{"line":63,"column":34},"end":{"line":63,"column":42}},"34":{"start":{"line":65,"column":8},"end":{"line":71,"column":null}},"35":{"start":{"line":66,"column":12},"end":{"line":70,"column":null}},"36":{"start":{"line":73,"column":28},"end":{"line":73,"column":73}},"37":{"start":{"line":74,"column":8},"end":{"line":80,"column":null}},"38":{"start":{"line":75,"column":12},"end":{"line":79,"column":null}},"39":{"start":{"line":82,"column":26},"end":{"line":82,"column":66}},"40":{"start":{"line":83,"column":21},"end":{"line":83,"column":38}},"41":{"start":{"line":84,"column":31},"end":{"line":84,"column":66}},"42":{"start":{"line":86,"column":8},"end":{"line":102,"column":null}},"43":{"start":{"line":87,"column":12},"end":{"line":93,"column":null}},"44":{"start":{"line":88,"column":16},"end":{"line":92,"column":null}},"45":{"start":{"line":94,"column":38},"end":{"line":94,"column":56}},"46":{"start":{"line":95,"column":12},"end":{"line":95,"column":66}},"47":{"start":{"line":96,"column":12},"end":{"line":96,"column":69}},"48":{"start":{"line":97,"column":12},"end":{"line":101,"column":null}},"49":{"start":{"line":104,"column":8},"end":{"line":112,"column":null}},"50":{"start":{"line":105,"column":12},"end":{"line":105,"column":67}},"51":{"start":{"line":106,"column":12},"end":{"line":111,"column":null}},"52":{"start":{"line":114,"column":29},"end":{"line":114,"column":47}},"53":{"start":{"line":115,"column":8},"end":{"line":115,"column":62}},"54":{"start":{"line":116,"column":8},"end":{"line":116,"column":59}},"55":{"start":{"line":117,"column":8},"end":{"line":117,"column":55}},"56":{"start":{"line":118,"column":8},"end":{"line":118,"column":27}},"57":{"start":{"line":119,"column":8},"end":{"line":119,"column":30}},"58":{"start":{"line":121,"column":7},"end":{"line":121,"column":34}},"59":{"start":{"line":125,"column":0},"end":{"line":136,"column":3}},"60":{"start":{"line":125,"column":39},"end":{"line":136,"column":2}},"61":{"start":{"line":126,"column":4},"end":{"line":135,"column":null}},"62":{"start":{"line":127,"column":21},"end":{"line":127,"column":36}},"63":{"start":{"line":128,"column":8},"end":{"line":130,"column":null}},"64":{"start":{"line":129,"column":12},"end":{"line":129,"column":34}},"65":{"start":{"line":131,"column":27},"end":{"line":131,"column":86}},"66":{"start":{"line":132,"column":8},"end":{"line":132,"column":44}},"67":{"start":{"line":134,"column":7},"end":{"line":134,"column":34}},"68":{"start":{"line":138,"column":0},"end":{"line":150,"column":3}},"69":{"start":{"line":138,"column":42},"end":{"line":150,"column":2}},"70":{"start":{"line":139,"column":4},"end":{"line":149,"column":null}},"71":{"start":{"line":140,"column":21},"end":{"line":140,"column":36}},"72":{"start":{"line":141,"column":8},"end":{"line":143,"column":null}},"73":{"start":{"line":142,"column":12},"end":{"line":142,"column":34}},"74":{"start":{"line":144,"column":31},"end":{"line":144,"column":90}},"75":{"start":{"line":145,"column":27},"end":{"line":145,"column":95}},"76":{"start":{"line":146,"column":8},"end":{"line":146,"column":44}},"77":{"start":{"line":148,"column":7},"end":{"line":148,"column":34}},"78":{"start":{"line":152,"column":0},"end":{"line":197,"column":3}},"79":{"start":{"line":152,"column":43},"end":{"line":197,"column":2}},"80":{"start":{"line":153,"column":4},"end":{"line":196,"column":null}},"81":{"start":{"line":154,"column":24},"end":{"line":154,"column":32}},"82":{"start":{"line":155,"column":8},"end":{"line":161,"column":null}},"83":{"start":{"line":156,"column":12},"end":{"line":160,"column":null}},"84":{"start":{"line":162,"column":21},"end":{"line":162,"column":36}},"85":{"start":{"line":163,"column":8},"end":{"line":165,"column":null}},"86":{"start":{"line":164,"column":12},"end":{"line":164,"column":34}},"87":{"start":{"line":168,"column":28},"end":{"line":168,"column":73}},"88":{"start":{"line":169,"column":8},"end":{"line":175,"column":null}},"89":{"start":{"line":170,"column":12},"end":{"line":174,"column":null}},"90":{"start":{"line":177,"column":28},"end":{"line":177,"column":87}},"91":{"start":{"line":178,"column":30},"end":{"line":178,"column":79}},"92":{"start":{"line":179,"column":30},"end":{"line":179,"column":55}},"93":{"start":{"line":180,"column":32},"end":{"line":180,"column":59}},"94":{"start":{"line":183,"column":26},"end":{"line":183,"column":84}},"95":{"start":{"line":184,"column":8},"end":{"line":190,"column":null}},"96":{"start":{"line":185,"column":12},"end":{"line":189,"column":null}},"97":{"start":{"line":192,"column":28},"end":{"line":192,"column":91}},"98":{"start":{"line":193,"column":8},"end":{"line":193,"column":45}},"99":{"start":{"line":195,"column":7},"end":{"line":195,"column":34}},"100":{"start":{"line":199,"column":0},"end":{"line":225,"column":3}},"101":{"start":{"line":199,"column":45},"end":{"line":225,"column":2}},"102":{"start":{"line":200,"column":20},"end":{"line":200,"column":28}},"103":{"start":{"line":201,"column":4},"end":{"line":207,"column":null}},"104":{"start":{"line":202,"column":8},"end":{"line":206,"column":null}},"105":{"start":{"line":209,"column":24},"end":{"line":209,"column":69}},"106":{"start":{"line":210,"column":4},"end":{"line":216,"column":null}},"107":{"start":{"line":211,"column":8},"end":{"line":215,"column":null}},"108":{"start":{"line":217,"column":17},"end":{"line":217,"column":32}},"109":{"start":{"line":218,"column":4},"end":{"line":220,"column":null}},"110":{"start":{"line":219,"column":8},"end":{"line":219,"column":30}},"111":{"start":{"line":221,"column":24},"end":{"line":221,"column":83}},"112":{"start":{"line":222,"column":26},"end":{"line":222,"column":75}},"113":{"start":{"line":223,"column":26},"end":{"line":223,"column":129}},"114":{"start":{"line":224,"column":4},"end":{"line":224,"column":43}},"115":{"start":{"line":227,"column":0},"end":{"line":227,"column":19}}},"fnMap":{"0":{"name":"(anonymous_8)","decl":{"start":{"line":13,"column":17},"end":{"line":13,"column":24}},"loc":{"start":{"line":13,"column":36},"end":{"line":17,"column":2}}},"1":{"name":"(anonymous_9)","decl":{"start":{"line":13,"column":36},"end":{"line":13,"column":null}},"loc":{"start":{"line":13,"column":36},"end":{"line":17,"column":1}}},"2":{"name":"(anonymous_10)","decl":{"start":{"line":19,"column":13},"end":{"line":19,"column":20}},"loc":{"start":{"line":19,"column":32},"end":{"line":23,"column":2}}},"3":{"name":"(anonymous_11)","decl":{"start":{"line":19,"column":32},"end":{"line":19,"column":null}},"loc":{"start":{"line":19,"column":32},"end":{"line":23,"column":1}}},"4":{"name":"(anonymous_12)","decl":{"start":{"line":25,"column":20},"end":{"line":25,"column":27}},"loc":{"start":{"line":25,"column":38},"end":{"line":59,"column":2}}},"5":{"name":"(anonymous_13)","decl":{"start":{"line":25,"column":38},"end":{"line":25,"column":null}},"loc":{"start":{"line":25,"column":38},"end":{"line":59,"column":1}}},"6":{"name":"(anonymous_14)","decl":{"start":{"line":61,"column":19},"end":{"line":61,"column":26}},"loc":{"start":{"line":61,"column":37},"end":{"line":123,"column":2}}},"7":{"name":"(anonymous_15)","decl":{"start":{"line":61,"column":37},"end":{"line":61,"column":null}},"loc":{"start":{"line":61,"column":37},"end":{"line":123,"column":1}}},"8":{"name":"(anonymous_16)","decl":{"start":{"line":125,"column":21},"end":{"line":125,"column":28}},"loc":{"start":{"line":125,"column":39},"end":{"line":136,"column":2}}},"9":{"name":"(anonymous_17)","decl":{"start":{"line":125,"column":39},"end":{"line":125,"column":null}},"loc":{"start":{"line":125,"column":39},"end":{"line":136,"column":1}}},"10":{"name":"(anonymous_18)","decl":{"start":{"line":138,"column":24},"end":{"line":138,"column":31}},"loc":{"start":{"line":138,"column":42},"end":{"line":150,"column":2}}},"11":{"name":"(anonymous_19)","decl":{"start":{"line":138,"column":42},"end":{"line":138,"column":null}},"loc":{"start":{"line":138,"column":42},"end":{"line":150,"column":1}}},"12":{"name":"(anonymous_20)","decl":{"start":{"line":152,"column":25},"end":{"line":152,"column":32}},"loc":{"start":{"line":152,"column":43},"end":{"line":197,"column":2}}},"13":{"name":"(anonymous_21)","decl":{"start":{"line":152,"column":43},"end":{"line":152,"column":null}},"loc":{"start":{"line":152,"column":43},"end":{"line":197,"column":1}}},"14":{"name":"(anonymous_22)","decl":{"start":{"line":199,"column":27},"end":{"line":199,"column":34}},"loc":{"start":{"line":199,"column":45},"end":{"line":225,"column":2}}},"15":{"name":"(anonymous_23)","decl":{"start":{"line":199,"column":45},"end":{"line":199,"column":null}},"loc":{"start":{"line":199,"column":45},"end":{"line":225,"column":1}}}},"branchMap":{"0":{"loc":{"start":{"line":28,"column":8},"end":{"line":34,"column":null}},"type":"if","locations":[{"start":{"line":28,"column":8},"end":{"line":34,"column":null}}]},"1":{"loc":{"start":{"line":28,"column":13},"end":{"line":28,"column":55}},"type":"binary-expr","locations":[{"start":{"line":28,"column":13},"end":{"line":28,"column":22}},{"start":{"line":28,"column":26},"end":{"line":28,"column":34}},{"start":{"line":28,"column":38},"end":{"line":28,"column":43}},{"start":{"line":28,"column":47},"end":{"line":28,"column":55}}]},"2":{"loc":{"start":{"line":35,"column":8},"end":{"line":43,"column":null}},"type":"if","locations":[{"start":{"line":35,"column":8},"end":{"line":43,"column":null}}]},"3":{"loc":{"start":{"line":47,"column":8},"end":{"line":53,"column":null}},"type":"if","locations":[{"start":{"line":47,"column":8},"end":{"line":53,"column":null}}]},"4":{"loc":{"start":{"line":65,"column":8},"end":{"line":71,"column":null}},"type":"if","locations":[{"start":{"line":65,"column":8},"end":{"line":71,"column":null}}]},"5":{"loc":{"start":{"line":65,"column":13},"end":{"line":65,"column":30}},"type":"binary-expr","locations":[{"start":{"line":65,"column":13},"end":{"line":65,"column":18}},{"start":{"line":65,"column":22},"end":{"line":65,"column":30}}]},"6":{"loc":{"start":{"line":74,"column":8},"end":{"line":80,"column":null}},"type":"if","locations":[{"start":{"line":74,"column":8},"end":{"line":80,"column":null}}]},"7":{"loc":{"start":{"line":86,"column":8},"end":{"line":102,"column":null}},"type":"if","locations":[{"start":{"line":86,"column":8},"end":{"line":102,"column":null}}]},"8":{"loc":{"start":{"line":86,"column":11},"end":{"line":86,"column":53}},"type":"binary-expr","locations":[{"start":{"line":86,"column":11},"end":{"line":86,"column":25}},{"start":{"line":86,"column":29},"end":{"line":86,"column":53}}]},"9":{"loc":{"start":{"line":87,"column":12},"end":{"line":93,"column":null}},"type":"if","locations":[{"start":{"line":87,"column":12},"end":{"line":93,"column":null}}]},"10":{"loc":{"start":{"line":104,"column":8},"end":{"line":112,"column":null}},"type":"if","locations":[{"start":{"line":104,"column":8},"end":{"line":112,"column":null}}]},"11":{"loc":{"start":{"line":128,"column":8},"end":{"line":130,"column":null}},"type":"if","locations":[{"start":{"line":128,"column":8},"end":{"line":130,"column":null}}]},"12":{"loc":{"start":{"line":141,"column":8},"end":{"line":143,"column":null}},"type":"if","locations":[{"start":{"line":141,"column":8},"end":{"line":143,"column":null}}]},"13":{"loc":{"start":{"line":155,"column":8},"end":{"line":161,"column":null}},"type":"if","locations":[{"start":{"line":155,"column":8},"end":{"line":161,"column":null}}]},"14":{"loc":{"start":{"line":163,"column":8},"end":{"line":165,"column":null}},"type":"if","locations":[{"start":{"line":163,"column":8},"end":{"line":165,"column":null}}]},"15":{"loc":{"start":{"line":169,"column":8},"end":{"line":175,"column":null}},"type":"if","locations":[{"start":{"line":169,"column":8},"end":{"line":175,"column":null}}]},"16":{"loc":{"start":{"line":184,"column":8},"end":{"line":190,"column":null}},"type":"if","locations":[{"start":{"line":184,"column":8},"end":{"line":190,"column":null}}]},"17":{"loc":{"start":{"line":201,"column":4},"end":{"line":207,"column":null}},"type":"if","locations":[{"start":{"line":201,"column":4},"end":{"line":207,"column":null}}]},"18":{"loc":{"start":{"line":210,"column":4},"end":{"line":216,"column":null}},"type":"if","locations":[{"start":{"line":210,"column":4},"end":{"line":216,"column":null}}]},"19":{"loc":{"start":{"line":218,"column":4},"end":{"line":220,"column":null}},"type":"if","locations":[{"start":{"line":218,"column":4},"end":{"line":220,"column":null}}]}},"s":{"0":1,"1":1,"2":1,"3":1,"4":1,"5":1,"6":1,"7":1,"8":1,"9":1,"10":1,"11":1,"12":0,"13":0,"14":1,"15":0,"16":0,"17":0,"18":0,"19":0,"20":0,"21":0,"22":0,"23":0,"24":0,"25":0,"26":0,"27":0,"28":0,"29":0,"30":1,"31":0,"32":0,"33":0,"34":0,"35":0,"36":0,"37":0,"38":0,"39":0,"40":0,"41":0,"42":0,"43":0,"44":0,"45":0,"46":0,"47":0,"48":0,"49":0,"50":0,"51":0,"52":0,"53":0,"54":0,"55":0,"56":0,"57":0,"58":0,"59":1,"60":0,"61":0,"62":0,"63":0,"64":0,"65":0,"66":0,"67":0,"68":1,"69":0,"70":0,"71":0,"72":0,"73":0,"74":0,"75":0,"76":0,"77":0,"78":1,"79":0,"80":0,"81":0,"82":0,"83":0,"84":0,"85":0,"86":0,"87":0,"88":0,"89":0,"90":0,"91":0,"92":0,"93":0,"94":0,"95":0,"96":0,"97":0,"98":0,"99":0,"100":1,"101":0,"102":0,"103":0,"104":0,"105":0,"106":0,"107":0,"108":0,"109":0,"110":0,"111":0,"112":0,"113":0,"114":0,"115":1},"f":{"0":1,"1":1,"2":0,"3":0,"4":0,"5":0,"6":0,"7":0,"8":0,"9":0,"10":0,"11":0,"12":0,"13":0,"14":0,"15":0},"b":{"0":[0],"1":[0,0,0,0],"2":[0],"3":[0],"4":[0],"5":[0,0],"6":[0],"7":[0],"8":[0,0],"9":[0],"10":[0],"11":[0],"12":[0],"13":[0],"14":[0],"15":[0],"16":[0],"17":[0],"18":[0],"19":[0]}}
,"C:\\Users\\Scud\\Downloads\\social-app\\test\\helpers\\integration-helpers.ts": {"path":"C:\\Users\\Scud\\Downloads\\social-app\\test\\helpers\\integration-helpers.ts","statementMap":{"0":{"start":{"line":4,"column":11},"end":{"line":10,"column":null}},"1":{"start":{"line":12,"column":14},"end":{"line":18,"column":null}},"2":{"start":{"line":20,"column":13},"end":{"line":23,"column":null}}},"fnMap":{},"branchMap":{},"s":{"0":1,"1":1,"2":1},"f":{},"b":{}}
}
